This file contains any messages produced by compilers while
running configure, to aid debugging if configure makes a mistake.

It was created by giza configure 0.9.4, which was
generated by GNU Autoconf 2.69.  Invocation command line was

  $ ./configure --prefix=/Users/amos/code/splash/build/../giza CC=gcc CAIRO_LIBS=-L/usr/X11//lib -lcairo CAIRO_CFLAGS=-I/usr/X11//include X11_LIBS=-L/usr/X11//lib -lX11 X11_CFLAGS=-I/usr/X11//include

## --------- ##
## Platform. ##
## --------- ##

hostname = Lycoris
uname -m = x86_64
uname -r = 15.5.0
uname -s = Darwin
uname -v = Darwin Kernel Version 15.5.0: Tue Apr 19 18:36:36 PDT 2016; root:xnu-3248.50.21~8/RELEASE_X86_64

/usr/bin/uname -p = i386
/bin/uname -X     = unknown

/bin/arch              = unknown
/usr/bin/arch -k       = unknown
/usr/convex/getsysinfo = unknown
/usr/bin/hostinfo      = Mach kernel version:
	 Darwin Kernel Version 15.5.0: Tue Apr 19 18:36:36 PDT 2016; root:xnu-3248.50.21~8/RELEASE_X86_64
Kernel configured for up to 2 processors.
2 processors are physically available.
2 processors are logically available.
Processor type: i486 (Intel 80486)
Processors active: 0 1
Primary memory available: 8.00 gigabytes
Default processor set: 267 tasks, 1199 threads, 2 processors
Load average: 1.42, Mach factor: 0.57
/bin/machine           = unknown
/usr/bin/oslevel       = unknown
/bin/universe          = unknown

PATH: /usr/local/bin
PATH: /usr/bin
PATH: /bin
PATH: /usr/sbin
PATH: /sbin
PATH: /opt/X11/bin
PATH: /Library/TeX/texbin
PATH: /Applications/VisIt.app/Contents/Resources/bin


## ----------- ##
## Core tests. ##
## ----------- ##

configure:2295: checking for a BSD-compatible install
configure:2363: result: /usr/bin/install -c
configure:2374: checking whether build environment is sane
configure:2429: result: yes
configure:2580: checking for a thread-safe mkdir -p
configure:2619: result: build/install-sh -c -d
configure:2626: checking for gawk
configure:2656: result: no
configure:2626: checking for mawk
configure:2656: result: no
configure:2626: checking for nawk
configure:2656: result: no
configure:2626: checking for awk
configure:2642: found /usr/bin/awk
configure:2653: result: awk
configure:2664: checking whether make sets $(MAKE)
configure:2686: result: yes
configure:2715: checking whether make supports nested variables
configure:2732: result: yes
configure:2869: checking whether make supports nested variables
configure:2886: result: yes
configure:2899: checking whether to enable maintainer-specific portions of Makefiles
configure:2908: result: no
configure:2969: checking for gcc
configure:2996: result: gcc
configure:3225: checking for C compiler version
configure:3234: gcc --version >&5
Apple LLVM version 7.3.0 (clang-703.0.31)
Target: x86_64-apple-darwin15.5.0
Thread model: posix
InstalledDir: /Applications/Xcode.app/Contents/Developer/Toolchains/XcodeDefault.xctoolchain/usr/bin
Configured with: --prefix=/Applications/Xcode.app/Contents/Developer/usr --with-gxx-include-dir=/usr/include/c++/4.2.1
configure:3245: $? = 0
configure:3234: gcc -v >&5
Configured with: --prefix=/Applications/Xcode.app/Contents/Developer/usr --with-gxx-include-dir=/usr/include/c++/4.2.1
Apple LLVM version 7.3.0 (clang-703.0.31)
Target: x86_64-apple-darwin15.5.0
Thread model: posix
InstalledDir: /Applications/Xcode.app/Contents/Developer/Toolchains/XcodeDefault.xctoolchain/usr/bin
configure:3245: $? = 0
configure:3234: gcc -V >&5
clang: error: argument to '-V' is missing (expected 1 value)
clang: error: no input files
configure:3245: $? = 1
configure:3234: gcc -qversion >&5
clang: error: unknown argument: '-qversion'
clang: error: no input files
configure:3245: $? = 1
configure:3265: checking whether the C compiler works
configure:3287: gcc    conftest.c  >&5
configure:3291: $? = 0
configure:3339: result: yes
configure:3342: checking for C compiler default output file name
configure:3344: result: a.out
configure:3350: checking for suffix of executables
configure:3357: gcc -o conftest    conftest.c  >&5
configure:3361: $? = 0
configure:3383: result: 
configure:3405: checking whether we are cross compiling
configure:3413: gcc -o conftest    conftest.c  >&5
configure:3417: $? = 0
configure:3424: ./conftest
configure:3428: $? = 0
configure:3443: result: no
configure:3448: checking for suffix of object files
configure:3470: gcc -c   conftest.c >&5
configure:3474: $? = 0
configure:3495: result: o
configure:3499: checking whether we are using the GNU C compiler
configure:3518: gcc -c   conftest.c >&5
configure:3518: $? = 0
configure:3527: result: yes
configure:3536: checking whether gcc accepts -g
configure:3556: gcc -c -g  conftest.c >&5
configure:3556: $? = 0
configure:3597: result: yes
configure:3614: checking for gcc option to accept ISO C89
configure:3677: gcc  -c -g -O2  conftest.c >&5
configure:3677: $? = 0
configure:3690: result: none needed
configure:3715: checking whether gcc understands -c and -o together
configure:3737: gcc -c conftest.c -o conftest2.o
configure:3740: $? = 0
configure:3737: gcc -c conftest.c -o conftest2.o
configure:3740: $? = 0
configure:3752: result: yes
configure:3780: checking for style of include used by make
configure:3808: result: GNU
configure:3834: checking dependency style of gcc
configure:3945: result: gcc3
configure:4013: checking for gfortran
configure:4029: found /usr/local/bin/gfortran
configure:4040: result: gfortran
configure:4066: checking for Fortran compiler version
configure:4075: gfortran --version >&5
GNU Fortran (Homebrew gcc 6.1.0) 6.1.0
Copyright (C) 2016 Free Software Foundation, Inc.
This is free software; see the source for copying conditions.  There is NO
warranty; not even for MERCHANTABILITY or FITNESS FOR A PARTICULAR PURPOSE.

configure:4086: $? = 0
configure:4075: gfortran -v >&5
Using built-in specs.
COLLECT_GCC=gfortran
COLLECT_LTO_WRAPPER=/usr/local/Cellar/gcc/6.1.0/libexec/gcc/x86_64-apple-darwin15.5.0/6.1.0/lto-wrapper
Target: x86_64-apple-darwin15.5.0
Configured with: ../configure --build=x86_64-apple-darwin15.5.0 --prefix=/usr/local/Cellar/gcc/6.1.0 --libdir=/usr/local/Cellar/gcc/6.1.0/lib/gcc/6 --enable-languages=c,c++,objc,obj-c++,fortran --program-suffix=-6 --with-gmp=/usr/local/opt/gmp --with-mpfr=/usr/local/opt/mpfr --with-mpc=/usr/local/opt/libmpc --with-isl=/usr/local/opt/isl --with-system-zlib --enable-libstdcxx-time=yes --enable-stage1-checking --enable-checking=release --enable-lto --with-build-config=bootstrap-debug --disable-werror --with-pkgversion='Homebrew gcc 6.1.0' --with-bugurl=https://github.com/Homebrew/homebrew/issues --enable-plugin --disable-nls --enable-multilib
Thread model: posix
gcc version 6.1.0 (Homebrew gcc 6.1.0) 
configure:4086: $? = 0
configure:4075: gfortran -V >&5
gfortran: error: unrecognized command line option '-V'
gfortran: fatal error: no input files
compilation terminated.
configure:4086: $? = 1
configure:4075: gfortran -qversion >&5
gfortran: error: unrecognized command line option '-qversion'; did you mean '--version'?
gfortran: fatal error: no input files
compilation terminated.
configure:4086: $? = 1
configure:4095: checking whether we are using the GNU Fortran compiler
configure:4108: gfortran -c   conftest.F >&5
configure:4108: $? = 0
configure:4117: result: yes
configure:4123: checking whether gfortran accepts -g
configure:4134: gfortran -c -g  conftest.f >&5
configure:4134: $? = 0
configure:4142: result: yes
configure:4226: checking build system type
configure:4240: result: x86_64-apple-darwin15.5.0
configure:4260: checking host system type
configure:4273: result: x86_64-apple-darwin15.5.0
configure:4314: checking how to print strings
configure:4341: result: printf
configure:4362: checking for a sed that does not truncate output
configure:4426: result: /usr/bin/sed
configure:4444: checking for grep that handles long lines and -e
configure:4502: result: /usr/bin/grep
configure:4507: checking for egrep
configure:4569: result: /usr/bin/grep -E
configure:4574: checking for fgrep
configure:4636: result: /usr/bin/grep -F
configure:4671: checking for ld used by gcc
configure:4738: result: /Applications/Xcode.app/Contents/Developer/Toolchains/XcodeDefault.xctoolchain/usr/bin/ld
configure:4745: checking if the linker (/Applications/Xcode.app/Contents/Developer/Toolchains/XcodeDefault.xctoolchain/usr/bin/ld) is GNU ld
configure:4760: result: no
configure:4772: checking for BSD- or MS-compatible name lister (nm)
configure:4826: result: /usr/bin/nm -B
configure:4956: checking the name lister (/usr/bin/nm -B) interface
configure:4963: gcc -c -g -O2  conftest.c >&5
configure:4966: /usr/bin/nm -B "conftest.o"
configure:4969: output
00000000000001ec S _some_variable
configure:4976: result: BSD nm
configure:4979: checking whether ln -s works
configure:4983: result: yes
configure:4991: checking the maximum length of command line arguments
configure:5122: result: 196608
configure:5170: checking how to convert x86_64-apple-darwin15.5.0 file names to x86_64-apple-darwin15.5.0 format
configure:5210: result: func_convert_file_noop
configure:5217: checking how to convert x86_64-apple-darwin15.5.0 file names to toolchain format
configure:5237: result: func_convert_file_noop
configure:5244: checking for /Applications/Xcode.app/Contents/Developer/Toolchains/XcodeDefault.xctoolchain/usr/bin/ld option to reload object files
configure:5251: result: -r
configure:5325: checking for objdump
configure:5355: result: no
configure:5384: checking how to recognize dependent libraries
configure:5584: result: pass_all
configure:5669: checking for dlltool
configure:5699: result: no
configure:5729: checking how to associate runtime and link libraries
configure:5756: result: printf %s\n
configure:5817: checking for ar
configure:5833: found /usr/bin/ar
configure:5844: result: ar
configure:5881: checking for archiver @FILE support
configure:5898: gcc -c -g -O2  conftest.c >&5
configure:5898: $? = 0
configure:5901: ar cru libconftest.a @conftest.lst >&5
ar: @conftest.lst: No such file or directory
configure:5904: $? = 1
configure:5924: result: no
configure:5982: checking for strip
configure:5998: found /usr/bin/strip
configure:6009: result: strip
configure:6081: checking for ranlib
configure:6097: found /usr/bin/ranlib
configure:6108: result: ranlib
configure:6210: checking command to parse /usr/bin/nm -B output from gcc object
configure:6363: gcc -c -g -O2  conftest.c >&5
configure:6366: $? = 0
configure:6370: /usr/bin/nm -B conftest.o \| sed -n -e 's/^.*[ ]\([BCDEGRST][BCDEGRST]*\)[ ][ ]*\([_A-Za-z][_A-Za-z0-9]*\)$/\1 \2 \2/p' | sed '/ __gnu_lto/d' \> conftest.nm
configure:6373: $? = 0
cannot find nm_test_var in conftest.nm
configure:6363: gcc -c -g -O2  conftest.c >&5
configure:6366: $? = 0
configure:6370: /usr/bin/nm -B conftest.o \| sed -n -e 's/^.*[ ]\([BCDEGRST][BCDEGRST]*\)[ ][ ]*_\([_A-Za-z][_A-Za-z0-9]*\)$/\1 _\2 \2/p' | sed '/ __gnu_lto/d' \> conftest.nm
configure:6373: $? = 0
configure:6439: gcc -o conftest -g -O2   conftest.c conftstm.o >&5
warning: (x86_64)  could not find object file symbol for symbol _main
configure:6442: $? = 0
configure:6480: result: ok
configure:6527: checking for sysroot
configure:6557: result: no
configure:6564: checking for a working dd
configure:6602: result: /bin/dd
configure:6606: checking how to truncate binary pipes
configure:6621: result: /bin/dd bs=4096 count=1
configure:6950: checking for mt
configure:6980: result: no
configure:7000: checking if : is a manifest tool
configure:7006: : '-?'
configure:7014: result: no
configure:7070: checking for dsymutil
configure:7086: found /usr/bin/dsymutil
configure:7097: result: dsymutil
configure:7162: checking for nmedit
configure:7178: found /usr/bin/nmedit
configure:7189: result: nmedit
configure:7254: checking for lipo
configure:7270: found /usr/bin/lipo
configure:7281: result: lipo
configure:7346: checking for otool
configure:7362: found /usr/bin/otool
configure:7373: result: otool
configure:7438: checking for otool64
configure:7468: result: no
configure:7513: checking for -single_module linker flag
gcc -g -O2  -o libconftest.dylib -dynamiclib -Wl,-single_module conftest.c
configure:7546: result: yes
configure:7549: checking for -exported_symbols_list linker flag
configure:7569: gcc -o conftest -g -O2   -Wl,-exported_symbols_list,conftest.sym conftest.c  >&5
configure:7569: $? = 0
configure:7579: result: yes
configure:7582: checking for -force_load linker flag
gcc -g -O2 -c -o conftest.o conftest.c
ar cru libconftest.a conftest.o
ranlib libconftest.a
gcc -g -O2  -o conftest conftest.c -Wl,-force_load,./libconftest.a
configure:7614: result: yes
configure:7691: checking how to run the C preprocessor
configure:7722: gcc -E  conftest.c
configure:7722: $? = 0
configure:7736: gcc -E  conftest.c
conftest.c:11:10: fatal error: 'ac_nonexistent.h' file not found
#include <ac_nonexistent.h>
         ^
1 error generated.
configure:7736: $? = 1
configure: failed program was:
| /* confdefs.h */
| #define PACKAGE_NAME "giza"
| #define PACKAGE_TARNAME "giza"
| #define PACKAGE_VERSION "0.9.4"
| #define PACKAGE_STRING "giza 0.9.4"
| #define PACKAGE_BUGREPORT "daniel.price@monash.edu"
| #define PACKAGE_URL "http://giza.sf.net"
| #define PACKAGE "giza"
| #define VERSION "0.9.4"
| /* end confdefs.h.  */
| #include <ac_nonexistent.h>
configure:7761: result: gcc -E
configure:7781: gcc -E  conftest.c
configure:7781: $? = 0
configure:7795: gcc -E  conftest.c
conftest.c:11:10: fatal error: 'ac_nonexistent.h' file not found
#include <ac_nonexistent.h>
         ^
1 error generated.
configure:7795: $? = 1
configure: failed program was:
| /* confdefs.h */
| #define PACKAGE_NAME "giza"
| #define PACKAGE_TARNAME "giza"
| #define PACKAGE_VERSION "0.9.4"
| #define PACKAGE_STRING "giza 0.9.4"
| #define PACKAGE_BUGREPORT "daniel.price@monash.edu"
| #define PACKAGE_URL "http://giza.sf.net"
| #define PACKAGE "giza"
| #define VERSION "0.9.4"
| /* end confdefs.h.  */
| #include <ac_nonexistent.h>
configure:7824: checking for ANSI C header files
configure:7844: gcc -c -g -O2  conftest.c >&5
configure:7844: $? = 0
configure:7917: gcc -o conftest -g -O2   conftest.c  >&5
configure:7917: $? = 0
configure:7917: ./conftest
configure:7917: $? = 0
configure:7928: result: yes
configure:7941: checking for sys/types.h
configure:7941: gcc -c -g -O2  conftest.c >&5
configure:7941: $? = 0
configure:7941: result: yes
configure:7941: checking for sys/stat.h
configure:7941: gcc -c -g -O2  conftest.c >&5
configure:7941: $? = 0
configure:7941: result: yes
configure:7941: checking for stdlib.h
configure:7941: gcc -c -g -O2  conftest.c >&5
configure:7941: $? = 0
configure:7941: result: yes
configure:7941: checking for string.h
configure:7941: gcc -c -g -O2  conftest.c >&5
configure:7941: $? = 0
configure:7941: result: yes
configure:7941: checking for memory.h
configure:7941: gcc -c -g -O2  conftest.c >&5
configure:7941: $? = 0
configure:7941: result: yes
configure:7941: checking for strings.h
configure:7941: gcc -c -g -O2  conftest.c >&5
configure:7941: $? = 0
configure:7941: result: yes
configure:7941: checking for inttypes.h
configure:7941: gcc -c -g -O2  conftest.c >&5
configure:7941: $? = 0
configure:7941: result: yes
configure:7941: checking for stdint.h
configure:7941: gcc -c -g -O2  conftest.c >&5
configure:7941: $? = 0
configure:7941: result: yes
configure:7941: checking for unistd.h
configure:7941: gcc -c -g -O2  conftest.c >&5
configure:7941: $? = 0
configure:7941: result: yes
configure:7955: checking for dlfcn.h
configure:7955: gcc -c -g -O2  conftest.c >&5
configure:7955: $? = 0
configure:7955: result: yes
configure:8221: checking for objdir
configure:8236: result: .libs
configure:8500: checking if gcc supports -fno-rtti -fno-exceptions
configure:8518: gcc -c -g -O2  -fno-rtti -fno-exceptions conftest.c >&5
configure:8522: $? = 0
configure:8535: result: yes
configure:8893: checking for gcc option to produce PIC
configure:8900: result: -fno-common -DPIC
configure:8908: checking if gcc PIC flag -fno-common -DPIC works
configure:8926: gcc -c -g -O2  -fno-common -DPIC -DPIC conftest.c >&5
configure:8930: $? = 0
configure:8943: result: yes
configure:8972: checking if gcc static flag -static works
configure:9000: result: no
configure:9015: checking if gcc supports -c -o file.o
configure:9036: gcc -c -g -O2  -o out/conftest2.o conftest.c >&5
configure:9040: $? = 0
configure:9062: result: yes
configure:9070: checking if gcc supports -c -o file.o
configure:9117: result: yes
configure:9150: checking whether the gcc linker (/Applications/Xcode.app/Contents/Developer/Toolchains/XcodeDefault.xctoolchain/usr/bin/ld) supports shared libraries
configure:10409: result: yes
configure:10649: checking dynamic linker characteristics
configure:11470: result: darwin15.5.0 dyld
configure:11592: checking how to hardcode library paths into programs
configure:11617: result: immediate
configure:12165: checking whether stripping libraries is possible
configure:12179: result: yes
configure:12205: checking if libtool supports shared libraries
configure:12207: result: yes
configure:12210: checking whether to build shared libraries
configure:12235: result: yes
configure:12238: checking whether to build static libraries
configure:12242: result: yes
configure:12364: checking if libtool supports shared libraries
configure:12366: result: yes
configure:12369: checking whether to build shared libraries
configure:12393: result: yes
configure:12396: checking whether to build static libraries
configure:12400: result: yes
configure:12434: gfortran -c -g -O2  conftest.f >&5
configure:12437: $? = 0
configure:12915: checking for gfortran option to produce PIC
configure:12922: result: -fno-common
configure:12930: checking if gfortran PIC flag -fno-common works
configure:12948: gfortran -c -g -O2 -fno-common  conftest.f >&5
configure:12952: $? = 0
configure:12965: result: yes
configure:12988: checking if gfortran static flag -static works
configure:13016: result: no
configure:13028: checking if gfortran supports -c -o file.o
configure:13049: gfortran -c -g -O2 -o out/conftest2.o  conftest.f >&5
configure:13053: $? = 0
configure:13075: result: yes
configure:13080: checking if gfortran supports -c -o file.o
configure:13127: result: yes
configure:13157: checking whether the gfortran linker (/Applications/Xcode.app/Contents/Developer/Toolchains/XcodeDefault.xctoolchain/usr/bin/ld) supports shared libraries
configure:14366: result: yes
configure:14507: checking dynamic linker characteristics
configure:15249: result: darwin15.5.0 dyld
configure:15314: checking how to hardcode library paths into programs
configure:15339: result: immediate
configure:15449: checking for pkg-config
configure:15467: found /usr/local/bin/pkg-config
configure:15479: result: /usr/local/bin/pkg-config
configure:15504: checking pkg-config is at least version 0.9.0
configure:15507: result: yes
configure:15517: checking for CAIRO
configure:15586: result: yes
configure:15592: checking for X11
configure:15659: result: yes
configure:15774: checking that generated files are newer than configure
configure:15780: result: done
configure:15807: creating ./config.status

## ---------------------- ##
## Running config.status. ##
## ---------------------- ##

This file was extended by giza config.status 0.9.4, which was
generated by GNU Autoconf 2.69.  Invocation command line was

  CONFIG_FILES    = 
  CONFIG_HEADERS  = 
  CONFIG_LINKS    = 
  CONFIG_COMMANDS = 
  $ ./config.status 

on Lycoris

config.status:1164: creating Makefile
config.status:1164: creating src/Makefile
config.status:1164: creating src/cpgplot.pc
config.status:1164: creating src/giza.pc
config.status:1164: creating src/pgplot.pc
config.status:1164: creating src/giza-version.h
config.status:1164: creating test/Makefile
config.status:1164: creating test/C/Makefile
config.status:1164: creating test/F90/Makefile
config.status:1164: creating config.h
config.status:1345: config.h is unchanged
config.status:1393: executing depfiles commands
config.status:1393: executing libtool commands

## ---------------- ##
## Cache variables. ##
## ---------------- ##

ac_cv_build=x86_64-apple-darwin15.5.0
ac_cv_c_compiler_gnu=yes
ac_cv_env_CAIRO_CFLAGS_set=set
ac_cv_env_CAIRO_CFLAGS_value=-I/usr/X11//include
ac_cv_env_CAIRO_LIBS_set=set
ac_cv_env_CAIRO_LIBS_value='-L/usr/X11//lib -lcairo'
ac_cv_env_CC_set=set
ac_cv_env_CC_value=gcc
ac_cv_env_CFLAGS_set=
ac_cv_env_CFLAGS_value=
ac_cv_env_CPPFLAGS_set=
ac_cv_env_CPPFLAGS_value=
ac_cv_env_CPP_set=
ac_cv_env_CPP_value=
ac_cv_env_FCFLAGS_set=
ac_cv_env_FCFLAGS_value=
ac_cv_env_FC_set=
ac_cv_env_FC_value=
ac_cv_env_LDFLAGS_set=
ac_cv_env_LDFLAGS_value=
ac_cv_env_LIBS_set=
ac_cv_env_LIBS_value=
ac_cv_env_LT_SYS_LIBRARY_PATH_set=
ac_cv_env_LT_SYS_LIBRARY_PATH_value=
ac_cv_env_PKG_CONFIG_LIBDIR_set=
ac_cv_env_PKG_CONFIG_LIBDIR_value=
ac_cv_env_PKG_CONFIG_PATH_set=
ac_cv_env_PKG_CONFIG_PATH_value=
ac_cv_env_PKG_CONFIG_set=
ac_cv_env_PKG_CONFIG_value=
ac_cv_env_X11_CFLAGS_set=set
ac_cv_env_X11_CFLAGS_value=-I/usr/X11//include
ac_cv_env_X11_LIBS_set=set
ac_cv_env_X11_LIBS_value='-L/usr/X11//lib -lX11'
ac_cv_env_build_alias_set=
ac_cv_env_build_alias_value=
ac_cv_env_host_alias_set=
ac_cv_env_host_alias_value=
ac_cv_env_target_alias_set=
ac_cv_env_target_alias_value=
ac_cv_fc_compiler_gnu=yes
ac_cv_header_dlfcn_h=yes
ac_cv_header_inttypes_h=yes
ac_cv_header_memory_h=yes
ac_cv_header_stdc=yes
ac_cv_header_stdint_h=yes
ac_cv_header_stdlib_h=yes
ac_cv_header_string_h=yes
ac_cv_header_strings_h=yes
ac_cv_header_sys_stat_h=yes
ac_cv_header_sys_types_h=yes
ac_cv_header_unistd_h=yes
ac_cv_host=x86_64-apple-darwin15.5.0
ac_cv_objext=o
ac_cv_path_EGREP='/usr/bin/grep -E'
ac_cv_path_FGREP='/usr/bin/grep -F'
ac_cv_path_GREP=/usr/bin/grep
ac_cv_path_SED=/usr/bin/sed
ac_cv_path_ac_pt_PKG_CONFIG=/usr/local/bin/pkg-config
ac_cv_path_install='/usr/bin/install -c'
ac_cv_path_lt_DD=/bin/dd
ac_cv_prog_AWK=awk
ac_cv_prog_CPP='gcc -E'
ac_cv_prog_ac_ct_AR=ar
ac_cv_prog_ac_ct_CC=gcc
ac_cv_prog_ac_ct_DSYMUTIL=dsymutil
ac_cv_prog_ac_ct_FC=gfortran
ac_cv_prog_ac_ct_LIPO=lipo
ac_cv_prog_ac_ct_NMEDIT=nmedit
ac_cv_prog_ac_ct_OTOOL=otool
ac_cv_prog_ac_ct_RANLIB=ranlib
ac_cv_prog_ac_ct_STRIP=strip
ac_cv_prog_cc_c89=
ac_cv_prog_cc_g=yes
ac_cv_prog_fc_g=yes
ac_cv_prog_make_make_set=yes
am_cv_CC_dependencies_compiler_type=gcc3
am_cv_make_support_nested_variables=yes
am_cv_prog_cc_c_o=yes
lt_cv_apple_cc_single_mod=yes
lt_cv_ar_at_file=no
lt_cv_deplibs_check_method=pass_all
lt_cv_file_magic_cmd='$MAGIC_CMD'
lt_cv_file_magic_test_file=
lt_cv_ld_exported_symbols_list=yes
lt_cv_ld_force_load=yes
lt_cv_ld_reload_flag=-r
lt_cv_nm_interface='BSD nm'
lt_cv_objdir=.libs
lt_cv_path_LD=/Applications/Xcode.app/Contents/Developer/Toolchains/XcodeDefault.xctoolchain/usr/bin/ld
lt_cv_path_NM='/usr/bin/nm -B'
lt_cv_path_mainfest_tool=no
lt_cv_prog_compiler_c_o=yes
lt_cv_prog_compiler_c_o_FC=yes
lt_cv_prog_compiler_pic='-fno-common -DPIC'
lt_cv_prog_compiler_pic_FC=-fno-common
lt_cv_prog_compiler_pic_works=yes
lt_cv_prog_compiler_pic_works_FC=yes
lt_cv_prog_compiler_rtti_exceptions=yes
lt_cv_prog_compiler_static_works=no
lt_cv_prog_compiler_static_works_FC=no
lt_cv_prog_gnu_ld=no
lt_cv_sharedlib_from_linklib_cmd='printf %s\n'
lt_cv_sys_global_symbol_pipe='sed -n -e '\''s/^.*[	 ]\([BCDEGRST][BCDEGRST]*\)[	 ][	 ]*_\([_A-Za-z][_A-Za-z0-9]*\)$/\1 _\2 \2/p'\'' | sed '\''/ __gnu_lto/d'\'''
lt_cv_sys_global_symbol_to_c_name_address='sed -n -e '\''s/^: \(.*\) .*$/  {"\1", (void *) 0},/p'\'' -e '\''s/^[BCDEGRST][BCDEGRST]* .* \(.*\)$/  {"\1", (void *) \&\1},/p'\'''
lt_cv_sys_global_symbol_to_c_name_address_lib_prefix='sed -n -e '\''s/^: \(.*\) .*$/  {"\1", (void *) 0},/p'\'' -e '\''s/^[BCDEGRST][BCDEGRST]* .* \(lib.*\)$/  {"\1", (void *) \&\1},/p'\'' -e '\''s/^[BCDEGRST][BCDEGRST]* .* \(.*\)$/  {"lib\1", (void *) \&\1},/p'\'''
lt_cv_sys_global_symbol_to_cdecl='sed -n -e '\''s/^T .* \(.*\)$/extern int \1();/p'\'' -e '\''s/^[BCDEGRST][BCDEGRST]* .* \(.*\)$/extern char \1;/p'\'''
lt_cv_sys_global_symbol_to_import=
lt_cv_sys_max_cmd_len=196608
lt_cv_to_host_file_cmd=func_convert_file_noop
lt_cv_to_tool_file_cmd=func_convert_file_noop
lt_cv_truncate_bin='/bin/dd bs=4096 count=1'
pkg_cv_CAIRO_CFLAGS=-I/usr/X11//include
pkg_cv_CAIRO_LIBS='-L/usr/X11//lib -lcairo'
pkg_cv_X11_CFLAGS=-I/usr/X11//include
pkg_cv_X11_LIBS='-L/usr/X11//lib -lX11'

## ----------------- ##
## Output variables. ##
## ----------------- ##

ACLOCAL='${SHELL} /Users/amos/code/splash/giza/build/missing aclocal-1.15'
AMDEPBACKSLASH='\'
AMDEP_FALSE='#'
AMDEP_TRUE=''
AMTAR='$${TAR-tar}'
AM_BACKSLASH='\'
AM_DEFAULT_V='$(AM_DEFAULT_VERBOSITY)'
AM_DEFAULT_VERBOSITY='0'
AM_V='$(V)'
AR='ar'
AUTOCONF='${SHELL} /Users/amos/code/splash/giza/build/missing autoconf'
AUTOHEADER='${SHELL} /Users/amos/code/splash/giza/build/missing autoheader'
AUTOMAKE='${SHELL} /Users/amos/code/splash/giza/build/missing automake-1.15'
AWK='awk'
CAIRO_CFLAGS='-I/usr/X11//include'
CAIRO_LIBS='-L/usr/X11//lib -lcairo'
CC='gcc'
CCDEPMODE='depmode=gcc3'
CFLAGS='-g -O2'
CPP='gcc -E'
CPPFLAGS=''
CYGPATH_W='echo'
DEFS='-DHAVE_CONFIG_H'
DEPDIR='.deps'
DLLTOOL='false'
DSYMUTIL='dsymutil'
DUMPBIN=''
ECHO_C='\c'
ECHO_N=''
ECHO_T=''
EGREP='/usr/bin/grep -E'
EXEEXT=''
FC='gfortran'
FCFLAGS='-g -O2'
FGREP='/usr/bin/grep -F'
GIZA_VERSION_MAJOR='0'
GIZA_VERSION_MICRO='4'
GIZA_VERSION_MINOR='9'
GREP='/usr/bin/grep'
INSTALL_DATA='${INSTALL} -m 644'
INSTALL_PROGRAM='${INSTALL}'
INSTALL_SCRIPT='${INSTALL}'
INSTALL_STRIP_PROGRAM='$(install_sh) -c -s'
LD='/Applications/Xcode.app/Contents/Developer/Toolchains/XcodeDefault.xctoolchain/usr/bin/ld'
LDFLAGS=''
LIBOBJS=''
LIBS=''
LIBTOOL='$(SHELL) $(top_builddir)/libtool'
LIPO='lipo'
LN_S='ln -s'
LTLIBOBJS=''
LT_AGE='1'
LT_CURRENT='1'
LT_REVISION='4'
LT_SYS_LIBRARY_PATH=''
MAINT='#'
MAINTAINER_MODE_FALSE=''
MAINTAINER_MODE_TRUE='#'
MAKEINFO='${SHELL} /Users/amos/code/splash/giza/build/missing makeinfo'
MANIFEST_TOOL=':'
MKDIR_P='build/install-sh -c -d'
NM='/usr/bin/nm -B'
NMEDIT='nmedit'
OBJDUMP='false'
OBJEXT='o'
OTOOL64=':'
OTOOL='otool'
PACKAGE='giza'
PACKAGE_BUGREPORT='daniel.price@monash.edu'
PACKAGE_NAME='giza'
PACKAGE_STRING='giza 0.9.4'
PACKAGE_TARNAME='giza'
PACKAGE_URL='http://giza.sf.net'
PACKAGE_VERSION='0.9.4'
PATH_SEPARATOR=':'
PKG_CONFIG='/usr/local/bin/pkg-config'
PKG_CONFIG_LIBDIR=''
PKG_CONFIG_PATH=''
RANLIB='ranlib'
SED='/usr/bin/sed'
SET_MAKE=''
SHELL='/bin/sh'
STRIP='strip'
VERSION='0.9.4'
X11_CFLAGS='-I/usr/X11//include'
X11_LIBS='-L/usr/X11//lib -lX11'
ac_ct_AR='ar'
ac_ct_CC='gcc'
ac_ct_DUMPBIN=''
ac_ct_FC='gfortran'
am__EXEEXT_FALSE=''
am__EXEEXT_TRUE='#'
am__fastdepCC_FALSE='#'
am__fastdepCC_TRUE=''
am__include='include'
am__isrc=''
am__leading_dot='.'
am__nodep='_no'
am__quote=''
am__tar='$${TAR-tar} chof - "$$tardir"'
am__untar='$${TAR-tar} xf -'
bindir='${exec_prefix}/bin'
build='x86_64-apple-darwin15.5.0'
build_alias=''
build_cpu='x86_64'
build_os='darwin15.5.0'
build_vendor='apple'
datadir='${datarootdir}'
datarootdir='${prefix}/share'
docdir='${datarootdir}/doc/${PACKAGE_TARNAME}'
dvidir='${docdir}'
exec_prefix='${prefix}'
host='x86_64-apple-darwin15.5.0'
host_alias=''
host_cpu='x86_64'
host_os='darwin15.5.0'
host_vendor='apple'
htmldir='${docdir}'
includedir='${prefix}/include'
infodir='${datarootdir}/info'
install_sh='${SHELL} /Users/amos/code/splash/giza/build/install-sh'
libdir='${exec_prefix}/lib'
libexecdir='${exec_prefix}/libexec'
localedir='${datarootdir}/locale'
localstatedir='${prefix}/var'
mandir='${datarootdir}/man'
mkdir_p='$(MKDIR_P)'
oldincludedir='/usr/include'
pdfdir='${docdir}'
prefix='/Users/amos/code/splash/build/../giza'
program_transform_name='s,x,x,'
psdir='${docdir}'
sbindir='${exec_prefix}/sbin'
sharedstatedir='${prefix}/com'
sysconfdir='${prefix}/etc'
target_alias=''

## ----------- ##
## confdefs.h. ##
## ----------- ##

/* confdefs.h */
#define PACKAGE_NAME "giza"
#define PACKAGE_TARNAME "giza"
#define PACKAGE_VERSION "0.9.4"
#define PACKAGE_STRING "giza 0.9.4"
#define PACKAGE_BUGREPORT "daniel.price@monash.edu"
#define PACKAGE_URL "http://giza.sf.net"
#define PACKAGE "giza"
#define VERSION "0.9.4"
#define STDC_HEADERS 1
#define HAVE_SYS_TYPES_H 1
#define HAVE_SYS_STAT_H 1
#define HAVE_STDLIB_H 1
#define HAVE_STRING_H 1
#define HAVE_MEMORY_H 1
#define HAVE_STRINGS_H 1
#define HAVE_INTTYPES_H 1
#define HAVE_STDINT_H 1
#define HAVE_UNISTD_H 1
#define HAVE_DLFCN_H 1
#define LT_OBJDIR ".libs/"

configure: exit 0
